<?xml version="1.0" encoding="UTF-8"?>
<!-- Generated by org.testng.reporters.JUnitXMLReporter -->
<testsuite ignored="0" hostname="DEV" failures="1" tests="1" name="Test" time="19.511" errors="0" timestamp="15 Sep 2021 07:19:49 GMT">
  <testcase classname="com.selenium.practisetest.ValidateTitle" name="basePageNavigation" time="15.069">
    <failure type="java.lang.AssertionError" message="expected [FEATURED COURSES123] but found [FEATURED COURSES]">
      <![CDATA[java.lang.AssertionError: expected [FEATURED COURSES123] but found [FEATURED COURSES]
	at com.selenium.practisetest.ValidateTitle.basePageNavigation(ValidateTitle.java:33)
... Removed 31 stack frames]]>
    </failure>
  </testcase> <!-- basePageNavigation -->
</testsuite> <!-- Test -->
